<?xml version="1.0" encoding="UTF-8"?>
<coverage generated="1680496422164" clover="3.2.0">
  <project timestamp="1680496422164" name="All files">
    <metrics statements="187" coveredstatements="179" conditionals="36" coveredconditionals="28" methods="49" coveredmethods="47" elements="272" coveredelements="254" complexity="0" loc="187" ncloc="187" packages="4" files="8" classes="8"/>
    <package name="controllers">
      <metrics statements="4" coveredstatements="4" conditionals="0" coveredconditionals="0" methods="1" coveredmethods="1"/>
      <file name="ping.ts" path="/Users/programmer/gits/Lodya/src/controllers/ping.ts">
        <metrics statements="4" coveredstatements="4" conditionals="0" coveredconditionals="0" methods="1" coveredmethods="1"/>
        <line num="1" count="1" type="stmt"/>
        <line num="8" count="1" type="stmt"/>
        <line num="10" count="1" type="stmt"/>
        <line num="11" count="1" type="stmt"/>
      </file>
    </package>
    <package name="data">
      <metrics statements="9" coveredstatements="9" conditionals="0" coveredconditionals="0" methods="1" coveredmethods="1"/>
      <file name="index.ts" path="/Users/programmer/gits/Lodya/src/data/index.ts">
        <metrics statements="8" coveredstatements="8" conditionals="0" coveredconditionals="0" methods="1" coveredmethods="1"/>
        <line num="1" count="2" type="stmt"/>
        <line num="3" count="2" type="stmt"/>
        <line num="5" count="374" type="stmt"/>
        <line num="10" count="2" type="stmt"/>
        <line num="36" count="2" type="stmt"/>
        <line num="76" count="2" type="stmt"/>
        <line num="86" count="2" type="stmt"/>
        <line num="96" count="2" type="stmt"/>
      </file>
      <file name="recipes.ts" path="/Users/programmer/gits/Lodya/src/data/recipes.ts">
        <metrics statements="1" coveredstatements="1" conditionals="0" coveredconditionals="0" methods="0" coveredmethods="0"/>
        <line num="3" count="2" type="stmt"/>
      </file>
    </package>
    <package name="repositories">
      <metrics statements="168" coveredstatements="160" conditionals="34" coveredconditionals="26" methods="46" coveredmethods="44"/>
      <file name="diet.ts" path="/Users/programmer/gits/Lodya/src/repositories/diet.ts">
        <metrics statements="75" coveredstatements="72" conditionals="10" coveredconditionals="8" methods="14" coveredmethods="14"/>
        <line num="1" count="1" type="stmt"/>
        <line num="2" count="1" type="stmt"/>
        <line num="3" count="1" type="stmt"/>
        <line num="4" count="1" type="stmt"/>
        <line num="5" count="1" type="stmt"/>
        <line num="7" count="3" type="stmt"/>
        <line num="8" count="3" type="stmt"/>
        <line num="9" count="3" type="cond" truecount="2" falsecount="0"/>
        <line num="10" count="2" type="stmt"/>
        <line num="12" count="1" type="stmt"/>
        <line num="16" count="1" type="stmt"/>
        <line num="19" count="1" type="stmt"/>
        <line num="20" count="1" type="stmt"/>
        <line num="23" count="1" type="stmt"/>
        <line num="27" count="2" type="stmt"/>
        <line num="28" count="2" type="stmt"/>
        <line num="29" count="2" type="stmt"/>
        <line num="32" count="1" type="stmt"/>
        <line num="35" count="1" type="stmt"/>
        <line num="36" count="1" type="stmt"/>
        <line num="37" count="1" type="stmt"/>
        <line num="38" count="1" type="stmt"/>
        <line num="39" count="1" type="stmt"/>
        <line num="40" count="1" type="cond" truecount="0" falsecount="1"/>
        <line num="41" count="0" type="stmt"/>
        <line num="43" count="1" type="stmt"/>
        <line num="44" count="1" type="stmt"/>
        <line num="45" count="1" type="stmt"/>
        <line num="46" count="1" type="stmt"/>
        <line num="48" count="0" type="stmt"/>
        <line num="52" count="1" type="stmt"/>
        <line num="55" count="20" type="stmt"/>
        <line num="56" count="20" type="stmt"/>
        <line num="57" count="20" type="stmt"/>
        <line num="58" count="20" type="stmt"/>
        <line num="59" count="20" type="stmt"/>
        <line num="62" count="1" type="stmt"/>
        <line num="65" count="20" type="stmt"/>
        <line num="67" count="20" type="stmt"/>
        <line num="68" count="52" type="stmt"/>
        <line num="69" count="52" type="stmt"/>
        <line num="73" count="1" type="stmt"/>
        <line num="76" count="20" type="stmt"/>
        <line num="77" count="20" type="stmt"/>
        <line num="78" count="20" type="stmt"/>
        <line num="79" count="20" type="stmt"/>
        <line num="80" count="20" type="stmt"/>
        <line num="81" count="20" type="stmt"/>
        <line num="83" count="20" type="stmt"/>
        <line num="85" count="20" type="stmt"/>
        <line num="94" count="1" type="stmt"/>
        <line num="97" count="20" type="stmt"/>
        <line num="99" count="20" type="stmt"/>
        <line num="100" count="100" type="stmt"/>
        <line num="101" count="100" type="stmt"/>
        <line num="102" count="100" type="stmt"/>
        <line num="104" count="20" type="stmt"/>
        <line num="107" count="1" type="stmt"/>
        <line num="111" count="20" type="stmt"/>
        <line num="112" count="20" type="stmt"/>
        <line num="113" count="20" type="stmt"/>
        <line num="116" count="20" type="cond" truecount="3" falsecount="0"/>
        <line num="117" count="1" type="stmt"/>
        <line num="124" count="19" type="stmt"/>
        <line num="128" count="19" type="cond" truecount="0" falsecount="1"/>
        <line num="129" count="0" type="stmt"/>
        <line num="136" count="19" type="stmt"/>
        <line num="138" count="19" type="stmt"/>
        <line num="139" count="19" type="stmt"/>
        <line num="152" count="19" type="stmt"/>
        <line num="157" count="19" type="stmt"/>
        <line num="161" count="19" type="stmt"/>
        <line num="166" count="19" type="cond" truecount="2" falsecount="0"/>
        <line num="167" count="4" type="stmt"/>
        <line num="169" count="15" type="stmt"/>
      </file>
      <file name="person.ts" path="/Users/programmer/gits/Lodya/src/repositories/person.ts">
        <metrics statements="5" coveredstatements="4" conditionals="0" coveredconditionals="0" methods="4" coveredmethods="2"/>
        <line num="2" count="1" type="stmt"/>
        <line num="4" count="1" type="stmt"/>
        <line num="5" count="0" type="stmt"/>
        <line num="8" count="1" type="stmt"/>
        <line num="9" count="1" type="stmt"/>
      </file>
      <file name="recipe.ts" path="/Users/programmer/gits/Lodya/src/repositories/recipe.ts">
        <metrics statements="15" coveredstatements="15" conditionals="0" coveredconditionals="0" methods="10" coveredmethods="10"/>
        <line num="2" count="2" type="stmt"/>
        <line num="4" count="5" type="stmt"/>
        <line num="5" count="5" type="stmt"/>
        <line num="8" count="2" type="stmt"/>
        <line num="10" count="367" type="stmt"/>
        <line num="11" count="36700" type="stmt"/>
        <line num="12" count="367" type="stmt"/>
        <line num="15" count="5" type="stmt"/>
        <line num="16" count="5" type="stmt"/>
        <line num="17" count="5" type="stmt"/>
        <line num="18" count="500" type="stmt"/>
        <line num="20" count="5" type="stmt"/>
        <line num="23" count="2" type="stmt"/>
        <line num="24" count="1" type="stmt"/>
        <line num="31" count="1" type="stmt"/>
      </file>
      <file name="restrictions.ts" path="/Users/programmer/gits/Lodya/src/repositories/restrictions.ts">
        <metrics statements="73" coveredstatements="69" conditionals="24" coveredconditionals="18" methods="18" coveredmethods="18"/>
        <line num="1" count="2" type="stmt"/>
        <line num="9" count="2" type="stmt"/>
        <line num="11" count="2" type="stmt"/>
        <line num="14" count="123" type="stmt"/>
        <line num="15" count="123" type="stmt"/>
        <line num="16" count="123" type="stmt"/>
        <line num="17" count="123" type="cond" truecount="2" falsecount="0"/>
        <line num="18" count="1" type="stmt"/>
        <line num="19" count="122" type="cond" truecount="3" falsecount="0"/>
        <line num="20" count="1" type="stmt"/>
        <line num="22" count="121" type="stmt"/>
        <line num="26" count="121" type="stmt"/>
        <line num="29" count="121" type="stmt"/>
        <line num="31" count="70" type="stmt"/>
        <line num="33" count="212" type="cond" truecount="1" falsecount="0"/>
        <line num="34" count="142" type="stmt"/>
        <line num="36" count="142" type="stmt"/>
        <line num="38" count="142" type="stmt"/>
        <line num="40" count="212" type="stmt"/>
        <line num="44" count="70" type="stmt"/>
        <line num="45" count="70" type="stmt"/>
        <line num="50" count="121" type="cond" truecount="2" falsecount="0"/>
        <line num="51" count="4" type="stmt"/>
        <line num="52" count="4" type="stmt"/>
        <line num="54" count="117" type="stmt"/>
        <line num="58" count="2" type="stmt"/>
        <line num="62" count="123" type="stmt"/>
        <line num="63" count="123" type="stmt"/>
        <line num="64" count="123" type="stmt"/>
        <line num="65" count="123" type="stmt"/>
        <line num="68" count="123" type="stmt"/>
        <line num="73" count="123" type="stmt"/>
        <line num="76" count="1" type="stmt"/>
        <line num="77" count="1" type="stmt"/>
        <line num="80" count="123" type="stmt"/>
        <line num="83" count="71" type="stmt"/>
        <line num="84" count="71" type="stmt"/>
        <line num="87" count="123" type="stmt"/>
        <line num="88" count="71" type="stmt"/>
        <line num="91" count="123" type="cond" truecount="2" falsecount="0"/>
        <line num="92" count="1" type="stmt"/>
        <line num="93" count="1" type="stmt"/>
        <line num="95" count="122" type="stmt"/>
        <line num="99" count="2" type="stmt"/>
        <line num="100" count="190" type="stmt"/>
        <line num="101" count="190" type="cond" truecount="1" falsecount="1"/>
        <line num="102" count="0" type="stmt"/>
        <line num="103" count="0" type="stmt"/>
        <line num="104" count="190" type="cond" truecount="2" falsecount="2"/>
        <line num="105" count="0" type="stmt"/>
        <line num="106" count="190" type="cond" truecount="2" falsecount="0"/>
        <line num="107" count="69" type="stmt"/>
        <line num="109" count="121" type="stmt"/>
        <line num="110" count="121" type="stmt"/>
        <line num="114" count="2" type="stmt"/>
        <line num="118" count="190" type="stmt"/>
        <line num="119" count="190" type="stmt"/>
        <line num="120" count="190" type="cond" truecount="1" falsecount="0"/>
        <line num="121" count="69" type="stmt"/>
        <line num="123" count="121" type="stmt"/>
        <line num="127" count="121" type="stmt"/>
        <line num="132" count="121" type="cond" truecount="1" falsecount="1"/>
        <line num="137" count="0" type="stmt"/>
        <line num="140" count="121" type="stmt"/>
        <line num="143" count="121" type="stmt"/>
        <line num="147" count="2" type="stmt"/>
        <line num="150" count="38" type="stmt"/>
        <line num="151" count="38" type="stmt"/>
        <line num="152" count="38" type="stmt"/>
        <line num="154" count="190" type="stmt"/>
        <line num="157" count="38" type="stmt"/>
        <line num="158" count="190" type="stmt"/>
        <line num="160" count="38" type="stmt"/>
      </file>
    </package>
    <package name="types">
      <metrics statements="6" coveredstatements="6" conditionals="2" coveredconditionals="2" methods="1" coveredmethods="1"/>
      <file name="index.ts" path="/Users/programmer/gits/Lodya/src/types/index.ts">
        <metrics statements="6" coveredstatements="6" conditionals="2" coveredconditionals="2" methods="1" coveredmethods="1"/>
        <line num="14" count="2" type="cond" truecount="2" falsecount="0"/>
        <line num="15" count="2" type="stmt"/>
        <line num="16" count="2" type="stmt"/>
        <line num="17" count="2" type="stmt"/>
        <line num="18" count="2" type="stmt"/>
        <line num="19" count="2" type="stmt"/>
      </file>
    </package>
  </project>
</coverage>
