{"/Users/programmer/gits/Lodya/src/controllers/ping.ts": {"path":"/Users/programmer/gits/Lodya/src/controllers/ping.ts","statementMap":{"0":{"start":{"line":1,"column":0},"end":{"line":1,"column":34}},"1":{"start":{"line":8,"column":15},"end":{"line":15,"column":null}},"2":{"start":{"line":11,"column":4},"end":{"line":13,"column":6}},"3":{"start":{"line":10,"column":15},"end":{"line":14,"column":null}},"4":{"start":{"line":8,"column":21},"end":{"line":15,"column":null}},"5":{"start":{"line":8,"column":21},"end":{"line":8,"column":null}}},"fnMap":{"0":{"name":"(anonymous_9)","decl":{"start":{"line":10,"column":15},"end":{"line":10,"column":25}},"loc":{"start":{"line":10,"column":25},"end":{"line":14,"column":null}}}},"branchMap":{},"s":{"0":1,"1":1,"2":1,"3":1,"4":1,"5":1},"f":{"0":1},"b":{}}
,"/Users/programmer/gits/Lodya/src/data/index.ts": {"path":"/Users/programmer/gits/Lodya/src/data/index.ts","statementMap":{"0":{"start":{"line":1,"column":0},"end":{"line":1,"column":28}},"1":{"start":{"line":3,"column":0},"end":{"line":3,"column":9}},"2":{"start":{"line":5,"column":9},"end":{"line":3,"column":36}},"3":{"start":{"line":10,"column":13},"end":{"line":34,"column":2}},"4":{"start":{"line":36,"column":13},"end":{"line":74,"column":2}},"5":{"start":{"line":76,"column":13},"end":{"line":84,"column":2}},"6":{"start":{"line":86,"column":13},"end":{"line":91,"column":2}},"7":{"start":{"line":96,"column":13},"end":{"line":120,"column":2}}},"fnMap":{"0":{"name":"(anonymous_1)","decl":{"start":{"line":5,"column":9},"end":{"line":5,"column":16}},"loc":{"start":{"line":5,"column":9},"end":{"line":3,"column":36}}}},"branchMap":{},"s":{"0":2,"1":2,"2":374,"3":2,"4":2,"5":2,"6":2,"7":2},"f":{"0":372},"b":{}}
,"/Users/programmer/gits/Lodya/src/data/recipes.ts": {"path":"/Users/programmer/gits/Lodya/src/data/recipes.ts","statementMap":{"0":{"start":{"line":3,"column":13},"end":{"line":704,"column":2}}},"fnMap":{},"branchMap":{},"s":{"0":2},"f":{},"b":{}}
,"/Users/programmer/gits/Lodya/src/repositories/diet.ts": {"path":"/Users/programmer/gits/Lodya/src/repositories/diet.ts","statementMap":{"0":{"start":{"line":1,"column":0},"end":{"line":1,"column":28}},"1":{"start":{"line":2,"column":0},"end":{"line":2,"column":79}},"2":{"start":{"line":3,"column":0},"end":{"line":3,"column":70}},"3":{"start":{"line":4,"column":0},"end":{"line":4,"column":38}},"4":{"start":{"line":5,"column":0},"end":{"line":5,"column":66}},"5":{"start":{"line":7,"column":23},"end":{"line":14,"column":2}},"6":{"start":{"line":7,"column":66},"end":{"line":14,"column":2}},"7":{"start":{"line":8,"column":15},"end":{"line":8,"column":24}},"8":{"start":{"line":9,"column":2},"end":{"line":13,"column":null}},"9":{"start":{"line":10,"column":4},"end":{"line":10,"column":39}},"10":{"start":{"line":12,"column":4},"end":{"line":12,"column":39}},"11":{"start":{"line":7,"column":13},"end":{"line":7,"column":23}},"12":{"start":{"line":16,"column":31},"end":{"line":21,"column":2}},"13":{"start":{"line":19,"column":27},"end":{"line":21,"column":2}},"14":{"start":{"line":20,"column":2},"end":{"line":20,"column":45}},"15":{"start":{"line":16,"column":13},"end":{"line":16,"column":31}},"16":{"start":{"line":23,"column":31},"end":{"line":30,"column":1}},"17":{"start":{"line":27,"column":27},"end":{"line":27,"column":51}},"18":{"start":{"line":28,"column":26},"end":{"line":28,"column":49}},"19":{"start":{"line":29,"column":2},"end":{"line":29,"column":56}},"20":{"start":{"line":23,"column":13},"end":{"line":23,"column":31}},"21":{"start":{"line":32,"column":26},"end":{"line":50,"column":2}},"22":{"start":{"line":35,"column":29},"end":{"line":50,"column":2}},"23":{"start":{"line":36,"column":2},"end":{"line":49,"column":null}},"24":{"start":{"line":37,"column":19},"end":{"line":37,"column":45}},"25":{"start":{"line":38,"column":34},"end":{"line":38,"column":40}},"26":{"start":{"line":39,"column":17},"end":{"line":39,"column":38}},"27":{"start":{"line":40,"column":4},"end":{"line":42,"column":null}},"28":{"start":{"line":41,"column":6},"end":{"line":41,"column":34}},"29":{"start":{"line":43,"column":27},"end":{"line":43,"column":31}},"30":{"start":{"line":44,"column":25},"end":{"line":44,"column":63}},"31":{"start":{"line":45,"column":20},"end":{"line":45,"column":44}},"32":{"start":{"line":46,"column":4},"end":{"line":46,"column":36}},"33":{"start":{"line":48,"column":4},"end":{"line":48,"column":32}},"34":{"start":{"line":32,"column":13},"end":{"line":32,"column":26}},"35":{"start":{"line":52,"column":25},"end":{"line":60,"column":1}},"36":{"start":{"line":55,"column":22},"end":{"line":55,"column":62}},"37":{"start":{"line":56,"column":15},"end":{"line":56,"column":33}},"38":{"start":{"line":57,"column":20},"end":{"line":57,"column":30}},"39":{"start":{"line":58,"column":2},"end":{"line":58,"column":35}},"40":{"start":{"line":59,"column":2},"end":{"line":59,"column":29}},"41":{"start":{"line":52,"column":13},"end":{"line":52,"column":25}},"42":{"start":{"line":62,"column":35},"end":{"line":71,"column":1}},"43":{"start":{"line":65,"column":29},"end":{"line":65,"column":52}},"44":{"start":{"line":67,"column":2},"end":{"line":70,"column":5}},"45":{"start":{"line":68,"column":24},"end":{"line":68,"column":50}},"46":{"start":{"line":69,"column":4},"end":{"line":69,"column":67}},"47":{"start":{"line":62,"column":13},"end":{"line":62,"column":35}},"48":{"start":{"line":73,"column":28},"end":{"line":93,"column":1}},"49":{"start":{"line":76,"column":53},"end":{"line":76,"column":73}},"50":{"start":{"line":77,"column":26},"end":{"line":77,"column":77}},"51":{"start":{"line":78,"column":22},"end":{"line":78,"column":65}},"52":{"start":{"line":79,"column":23},"end":{"line":79,"column":68}},"53":{"start":{"line":80,"column":22},"end":{"line":80,"column":65}},"54":{"start":{"line":81,"column":22},"end":{"line":81,"column":65}},"55":{"start":{"line":83,"column":4},"end":{"line":83,"column":76}},"56":{"start":{"line":85,"column":2},"end":{"line":92,"column":4}},"57":{"start":{"line":73,"column":13},"end":{"line":73,"column":28}},"58":{"start":{"line":94,"column":35},"end":{"line":105,"column":1}},"59":{"start":{"line":97,"column":14},"end":{"line":97,"column":15}},"60":{"start":{"line":99,"column":2},"end":{"line":103,"column":null}},"61":{"start":{"line":100,"column":20},"end":{"line":100,"column":34}},"62":{"start":{"line":101,"column":28},"end":{"line":101,"column":57}},"63":{"start":{"line":102,"column":4},"end":{"line":102,"column":36}},"64":{"start":{"line":104,"column":2},"end":{"line":104,"column":15}},"65":{"start":{"line":94,"column":13},"end":{"line":94,"column":35}},"66":{"start":{"line":107,"column":24},"end":{"line":175,"column":2}},"67":{"start":{"line":111,"column":22},"end":{"line":175,"column":2}},"68":{"start":{"line":112,"column":17},"end":{"line":112,"column":45}},"69":{"start":{"line":113,"column":27},"end":{"line":113,"column":61}},"70":{"start":{"line":116,"column":2},"end":{"line":118,"column":null}},"71":{"start":{"line":117,"column":4},"end":{"line":117,"column":43}},"72":{"start":{"line":124,"column":4},"end":{"line":124,"column":39}},"73":{"start":{"line":128,"column":2},"end":{"line":130,"column":null}},"74":{"start":{"line":129,"column":4},"end":{"line":129,"column":43}},"75":{"start":{"line":136,"column":31},"end":{"line":136,"column":67}},"76":{"start":{"line":138,"column":4},"end":{"line":138,"column":35}},"77":{"start":{"line":139,"column":33},"end":{"line":149,"column":null}},"78":{"start":{"line":152,"column":32},"end":{"line":154,"column":null}},"79":{"start":{"line":157,"column":28},"end":{"line":159,"column":null}},"80":{"start":{"line":161,"column":32},"end":{"line":163,"column":null}},"81":{"start":{"line":166,"column":2},"end":{"line":174,"column":null}},"82":{"start":{"line":167,"column":4},"end":{"line":167,"column":68}},"83":{"start":{"line":169,"column":4},"end":{"line":173,"column":6}},"84":{"start":{"line":107,"column":13},"end":{"line":107,"column":24}}},"fnMap":{"0":{"name":"(anonymous_8)","decl":{"start":{"line":7,"column":23},"end":{"line":7,"column":30}},"loc":{"start":{"line":7,"column":66},"end":{"line":14,"column":2}}},"1":{"name":"(anonymous_9)","decl":{"start":{"line":7,"column":66},"end":{"line":7,"column":null}},"loc":{"start":{"line":7,"column":66},"end":{"line":14,"column":1}}},"2":{"name":"(anonymous_10)","decl":{"start":{"line":16,"column":31},"end":{"line":16,"column":null}},"loc":{"start":{"line":19,"column":27},"end":{"line":21,"column":2}}},"3":{"name":"(anonymous_11)","decl":{"start":{"line":19,"column":27},"end":{"line":19,"column":null}},"loc":{"start":{"line":19,"column":27},"end":{"line":21,"column":1}}},"4":{"name":"(anonymous_12)","decl":{"start":{"line":23,"column":31},"end":{"line":23,"column":null}},"loc":{"start":{"line":26,"column":12},"end":{"line":30,"column":1}}},"5":{"name":"(anonymous_13)","decl":{"start":{"line":32,"column":26},"end":{"line":32,"column":null}},"loc":{"start":{"line":35,"column":29},"end":{"line":50,"column":2}}},"6":{"name":"(anonymous_14)","decl":{"start":{"line":35,"column":29},"end":{"line":35,"column":null}},"loc":{"start":{"line":35,"column":29},"end":{"line":50,"column":1}}},"7":{"name":"(anonymous_15)","decl":{"start":{"line":52,"column":25},"end":{"line":52,"column":null}},"loc":{"start":{"line":54,"column":38},"end":{"line":60,"column":1}}},"8":{"name":"(anonymous_16)","decl":{"start":{"line":62,"column":35},"end":{"line":62,"column":null}},"loc":{"start":{"line":64,"column":22},"end":{"line":71,"column":1}}},"9":{"name":"(anonymous_17)","decl":{"start":{"line":67,"column":20},"end":{"line":67,"column":21}},"loc":{"start":{"line":67,"column":29},"end":{"line":70,"column":3}}},"10":{"name":"(anonymous_18)","decl":{"start":{"line":73,"column":28},"end":{"line":73,"column":null}},"loc":{"start":{"line":75,"column":36},"end":{"line":93,"column":1}}},"11":{"name":"(anonymous_19)","decl":{"start":{"line":94,"column":35},"end":{"line":94,"column":null}},"loc":{"start":{"line":96,"column":12},"end":{"line":105,"column":1}}},"12":{"name":"(anonymous_20)","decl":{"start":{"line":107,"column":24},"end":{"line":107,"column":null}},"loc":{"start":{"line":111,"column":22},"end":{"line":175,"column":2}}},"13":{"name":"(anonymous_21)","decl":{"start":{"line":111,"column":22},"end":{"line":111,"column":null}},"loc":{"start":{"line":111,"column":22},"end":{"line":175,"column":1}}}},"branchMap":{"0":{"loc":{"start":{"line":9,"column":2},"end":{"line":13,"column":null}},"type":"if","locations":[{"start":{"line":9,"column":2},"end":{"line":13,"column":null}},{"start":{"line":11,"column":9},"end":{"line":13,"column":null}}]},"1":{"loc":{"start":{"line":34,"column":2},"end":{"line":34,"column":52}},"type":"default-arg","locations":[{"start":{"line":34,"column":23},"end":{"line":34,"column":52}}]},"2":{"loc":{"start":{"line":40,"column":4},"end":{"line":42,"column":null}},"type":"if","locations":[{"start":{"line":40,"column":4},"end":{"line":42,"column":null}}]},"3":{"loc":{"start":{"line":116,"column":2},"end":{"line":118,"column":null}},"type":"if","locations":[{"start":{"line":116,"column":2},"end":{"line":118,"column":null}}]},"4":{"loc":{"start":{"line":116,"column":6},"end":{"line":116,"column":49}},"type":"binary-expr","locations":[{"start":{"line":116,"column":6},"end":{"line":116,"column":23}},{"start":{"line":116,"column":27},"end":{"line":116,"column":49}}]},"5":{"loc":{"start":{"line":128,"column":2},"end":{"line":130,"column":null}},"type":"if","locations":[{"start":{"line":128,"column":2},"end":{"line":130,"column":null}}]},"6":{"loc":{"start":{"line":166,"column":2},"end":{"line":174,"column":null}},"type":"if","locations":[{"start":{"line":166,"column":2},"end":{"line":174,"column":null}},{"start":{"line":168,"column":9},"end":{"line":174,"column":null}}]}},"s":{"0":1,"1":1,"2":1,"3":1,"4":1,"5":1,"6":3,"7":3,"8":3,"9":2,"10":1,"11":1,"12":1,"13":1,"14":1,"15":1,"16":1,"17":2,"18":2,"19":2,"20":1,"21":1,"22":1,"23":1,"24":1,"25":1,"26":1,"27":1,"28":0,"29":1,"30":1,"31":1,"32":1,"33":0,"34":1,"35":1,"36":20,"37":20,"38":20,"39":20,"40":20,"41":1,"42":1,"43":20,"44":20,"45":52,"46":52,"47":1,"48":1,"49":20,"50":20,"51":20,"52":20,"53":20,"54":20,"55":20,"56":20,"57":1,"58":1,"59":20,"60":20,"61":100,"62":100,"63":100,"64":20,"65":1,"66":1,"67":20,"68":20,"69":20,"70":20,"71":1,"72":19,"73":19,"74":0,"75":19,"76":19,"77":19,"78":19,"79":19,"80":19,"81":19,"82":4,"83":15,"84":1},"f":{"0":3,"1":3,"2":1,"3":1,"4":2,"5":1,"6":1,"7":20,"8":20,"9":52,"10":20,"11":20,"12":20,"13":20},"b":{"0":[2,1],"1":[1],"2":[0],"3":[1],"4":[20,19],"5":[0],"6":[4,15]}}
,"/Users/programmer/gits/Lodya/src/repositories/person.ts": {"path":"/Users/programmer/gits/Lodya/src/repositories/person.ts","statementMap":{"0":{"start":{"line":2,"column":0},"end":{"line":2,"column":46}},"1":{"start":{"line":4,"column":26},"end":{"line":6,"column":2}},"2":{"start":{"line":4,"column":61},"end":{"line":6,"column":2}},"3":{"start":{"line":5,"column":2},"end":{"line":5,"column":54}},"4":{"start":{"line":4,"column":13},"end":{"line":4,"column":26}},"5":{"start":{"line":8,"column":26},"end":{"line":10,"column":2}},"6":{"start":{"line":8,"column":64},"end":{"line":10,"column":2}},"7":{"start":{"line":9,"column":2},"end":{"line":9,"column":52}},"8":{"start":{"line":8,"column":13},"end":{"line":8,"column":26}}},"fnMap":{"0":{"name":"(anonymous_7)","decl":{"start":{"line":4,"column":26},"end":{"line":4,"column":59}},"loc":{"start":{"line":4,"column":61},"end":{"line":6,"column":2}}},"1":{"name":"(anonymous_8)","decl":{"start":{"line":4,"column":61},"end":{"line":4,"column":null}},"loc":{"start":{"line":4,"column":61},"end":{"line":6,"column":1}}},"2":{"name":"(anonymous_9)","decl":{"start":{"line":8,"column":26},"end":{"line":8,"column":33}},"loc":{"start":{"line":8,"column":64},"end":{"line":10,"column":2}}},"3":{"name":"(anonymous_10)","decl":{"start":{"line":8,"column":64},"end":{"line":8,"column":null}},"loc":{"start":{"line":8,"column":64},"end":{"line":10,"column":1}}}},"branchMap":{},"s":{"0":1,"1":1,"2":0,"3":0,"4":1,"5":1,"6":1,"7":1,"8":1},"f":{"0":0,"1":0,"2":1,"3":1},"b":{}}
,"/Users/programmer/gits/Lodya/src/repositories/recipe.ts": {"path":"/Users/programmer/gits/Lodya/src/repositories/recipe.ts","statementMap":{"0":{"start":{"line":2,"column":0},"end":{"line":2,"column":34}},"1":{"start":{"line":4,"column":26},"end":{"line":6,"column":2}},"2":{"start":{"line":4,"column":61},"end":{"line":6,"column":2}},"3":{"start":{"line":5,"column":2},"end":{"line":5,"column":40}},"4":{"start":{"line":4,"column":13},"end":{"line":4,"column":26}},"5":{"start":{"line":8,"column":28},"end":{"line":13,"column":2}},"6":{"start":{"line":10,"column":28},"end":{"line":13,"column":2}},"7":{"start":{"line":11,"column":33},"end":{"line":11,"column":77}},"8":{"start":{"line":11,"column":60},"end":{"line":11,"column":76}},"9":{"start":{"line":12,"column":2},"end":{"line":12,"column":49}},"10":{"start":{"line":8,"column":13},"end":{"line":8,"column":28}},"11":{"start":{"line":15,"column":30},"end":{"line":21,"column":2}},"12":{"start":{"line":15,"column":75},"end":{"line":21,"column":2}},"13":{"start":{"line":16,"column":18},"end":{"line":16,"column":36}},"14":{"start":{"line":17,"column":30},"end":{"line":19,"column":4}},"15":{"start":{"line":18,"column":4},"end":{"line":18,"column":38}},"16":{"start":{"line":20,"column":2},"end":{"line":20,"column":29}},"17":{"start":{"line":15,"column":13},"end":{"line":15,"column":30}},"18":{"start":{"line":23,"column":29},"end":{"line":32,"column":2}},"19":{"start":{"line":23,"column":40},"end":{"line":32,"column":2}},"20":{"start":{"line":24,"column":53},"end":{"line":30,"column":4}},"21":{"start":{"line":31,"column":2},"end":{"line":31,"column":23}},"22":{"start":{"line":23,"column":13},"end":{"line":23,"column":29}}},"fnMap":{"0":{"name":"(anonymous_7)","decl":{"start":{"line":4,"column":26},"end":{"line":4,"column":59}},"loc":{"start":{"line":4,"column":61},"end":{"line":6,"column":2}}},"1":{"name":"(anonymous_8)","decl":{"start":{"line":4,"column":61},"end":{"line":4,"column":null}},"loc":{"start":{"line":4,"column":61},"end":{"line":6,"column":1}}},"2":{"name":"(anonymous_9)","decl":{"start":{"line":8,"column":28},"end":{"line":8,"column":null}},"loc":{"start":{"line":10,"column":28},"end":{"line":13,"column":2}}},"3":{"name":"(anonymous_10)","decl":{"start":{"line":10,"column":28},"end":{"line":10,"column":null}},"loc":{"start":{"line":10,"column":28},"end":{"line":13,"column":1}}},"4":{"name":"(anonymous_11)","decl":{"start":{"line":11,"column":48},"end":{"line":11,"column":49}},"loc":{"start":{"line":11,"column":60},"end":{"line":11,"column":76}}},"5":{"name":"(anonymous_12)","decl":{"start":{"line":15,"column":30},"end":{"line":15,"column":37}},"loc":{"start":{"line":15,"column":75},"end":{"line":21,"column":2}}},"6":{"name":"(anonymous_13)","decl":{"start":{"line":15,"column":75},"end":{"line":15,"column":null}},"loc":{"start":{"line":15,"column":75},"end":{"line":21,"column":1}}},"7":{"name":"(anonymous_14)","decl":{"start":{"line":17,"column":45},"end":{"line":17,"column":46}},"loc":{"start":{"line":17,"column":56},"end":{"line":19,"column":3}}},"8":{"name":"(anonymous_15)","decl":{"start":{"line":23,"column":29},"end":{"line":23,"column":38}},"loc":{"start":{"line":23,"column":40},"end":{"line":32,"column":2}}},"9":{"name":"(anonymous_16)","decl":{"start":{"line":23,"column":40},"end":{"line":23,"column":null}},"loc":{"start":{"line":23,"column":40},"end":{"line":32,"column":1}}}},"branchMap":{},"s":{"0":2,"1":2,"2":5,"3":5,"4":2,"5":2,"6":367,"7":367,"8":36700,"9":367,"10":2,"11":2,"12":5,"13":5,"14":5,"15":500,"16":5,"17":2,"18":2,"19":1,"20":1,"21":1,"22":2},"f":{"0":5,"1":5,"2":367,"3":367,"4":36700,"5":5,"6":5,"7":500,"8":1,"9":1},"b":{}}
,"/Users/programmer/gits/Lodya/src/repositories/restrictions.ts": {"path":"/Users/programmer/gits/Lodya/src/repositories/restrictions.ts","statementMap":{"0":{"start":{"line":1,"column":0},"end":{"line":1,"column":null}},"1":{"start":{"line":9,"column":0},"end":{"line":9,"column":40}},"2":{"start":{"line":11,"column":37},"end":{"line":56,"column":2}},"3":{"start":{"line":14,"column":21},"end":{"line":56,"column":2}},"4":{"start":{"line":15,"column":19},"end":{"line":15,"column":38}},"5":{"start":{"line":16,"column":39},"end":{"line":16,"column":57}},"6":{"start":{"line":17,"column":2},"end":{"line":21,"column":null}},"7":{"start":{"line":18,"column":4},"end":{"line":18,"column":73}},"8":{"start":{"line":19,"column":9},"end":{"line":21,"column":null}},"9":{"start":{"line":20,"column":4},"end":{"line":20,"column":30}},"10":{"start":{"line":22,"column":37},"end":{"line":22,"column":70}},"11":{"start":{"line":26,"column":4},"end":{"line":26,"column":79}},"12":{"start":{"line":26,"column":54},"end":{"line":26,"column":78}},"13":{"start":{"line":29,"column":33},"end":{"line":47,"column":null}},"14":{"start":{"line":31,"column":26},"end":{"line":42,"column":null}},"15":{"start":{"line":33,"column":10},"end":{"line":39,"column":null}},"16":{"start":{"line":34,"column":39},"end":{"line":36,"column":null}},"17":{"start":{"line":36,"column":16},"end":{"line":36,"column":72}},"18":{"start":{"line":38,"column":12},"end":{"line":38,"column":59}},"19":{"start":{"line":40,"column":10},"end":{"line":40,"column":36}},"20":{"start":{"line":44,"column":6},"end":{"line":44,"column":49}},"21":{"start":{"line":45,"column":6},"end":{"line":45,"column":35}},"22":{"start":{"line":50,"column":2},"end":{"line":55,"column":null}},"23":{"start":{"line":51,"column":19},"end":{"line":51,"column":52}},"24":{"start":{"line":52,"column":4},"end":{"line":52,"column":35}},"25":{"start":{"line":54,"column":4},"end":{"line":54,"column":30}},"26":{"start":{"line":11,"column":13},"end":{"line":11,"column":37}},"27":{"start":{"line":58,"column":37},"end":{"line":97,"column":2}},"28":{"start":{"line":62,"column":21},"end":{"line":97,"column":2}},"29":{"start":{"line":63,"column":23},"end":{"line":63,"column":50}},"30":{"start":{"line":64,"column":22},"end":{"line":64,"column":48}},"31":{"start":{"line":65,"column":41},"end":{"line":66,"column":null}},"32":{"start":{"line":68,"column":40},"end":{"line":69,"column":null}},"33":{"start":{"line":73,"column":33},"end":{"line":78,"column":8}},"34":{"start":{"line":76,"column":4},"end":{"line":76,"column":50}},"35":{"start":{"line":77,"column":4},"end":{"line":77,"column":23}},"36":{"start":{"line":80,"column":32},"end":{"line":85,"column":8}},"37":{"start":{"line":83,"column":4},"end":{"line":83,"column":50}},"38":{"start":{"line":84,"column":4},"end":{"line":84,"column":23}},"39":{"start":{"line":87,"column":33},"end":{"line":88,"column":null}},"40":{"start":{"line":88,"column":23},"end":{"line":88,"column":75}},"41":{"start":{"line":91,"column":2},"end":{"line":96,"column":null}},"42":{"start":{"line":92,"column":19},"end":{"line":92,"column":52}},"43":{"start":{"line":93,"column":4},"end":{"line":93,"column":35}},"44":{"start":{"line":95,"column":4},"end":{"line":95,"column":30}},"45":{"start":{"line":58,"column":13},"end":{"line":58,"column":37}},"46":{"start":{"line":99,"column":35},"end":{"line":112,"column":1}},"47":{"start":{"line":100,"column":19},"end":{"line":100,"column":45}},"48":{"start":{"line":101,"column":2},"end":{"line":111,"column":null}},"49":{"start":{"line":102,"column":19},"end":{"line":102,"column":68}},"50":{"start":{"line":103,"column":4},"end":{"line":103,"column":18}},"51":{"start":{"line":104,"column":9},"end":{"line":111,"column":null}},"52":{"start":{"line":105,"column":4},"end":{"line":105,"column":13}},"53":{"start":{"line":106,"column":9},"end":{"line":111,"column":null}},"54":{"start":{"line":107,"column":4},"end":{"line":107,"column":13}},"55":{"start":{"line":109,"column":19},"end":{"line":109,"column":68}},"56":{"start":{"line":110,"column":4},"end":{"line":110,"column":18}},"57":{"start":{"line":99,"column":13},"end":{"line":99,"column":35}},"58":{"start":{"line":114,"column":37},"end":{"line":145,"column":2}},"59":{"start":{"line":118,"column":21},"end":{"line":145,"column":2}},"60":{"start":{"line":119,"column":30},"end":{"line":119,"column":71}},"61":{"start":{"line":120,"column":2},"end":{"line":122,"column":null}},"62":{"start":{"line":121,"column":4},"end":{"line":121,"column":30}},"63":{"start":{"line":123,"column":37},"end":{"line":125,"column":null}},"64":{"start":{"line":127,"column":37},"end":{"line":130,"column":null}},"65":{"start":{"line":132,"column":2},"end":{"line":144,"column":null}},"66":{"start":{"line":137,"column":4},"end":{"line":137,"column":30}},"67":{"start":{"line":140,"column":6},"end":{"line":142,"column":32}},"68":{"start":{"line":143,"column":4},"end":{"line":143,"column":35}},"69":{"start":{"line":114,"column":13},"end":{"line":114,"column":37}},"70":{"start":{"line":147,"column":48},"end":{"line":161,"column":2}},"71":{"start":{"line":150,"column":21},"end":{"line":161,"column":2}},"72":{"start":{"line":151,"column":29},"end":{"line":151,"column":52}},"73":{"start":{"line":152,"column":17},"end":{"line":155,"column":null}},"74":{"start":{"line":154,"column":6},"end":{"line":154,"column":74}},"75":{"start":{"line":157,"column":16},"end":{"line":159,"column":7}},"76":{"start":{"line":158,"column":4},"end":{"line":158,"column":31}},"77":{"start":{"line":160,"column":2},"end":{"line":160,"column":32}},"78":{"start":{"line":147,"column":13},"end":{"line":147,"column":48}}},"fnMap":{"0":{"name":"(anonymous_7)","decl":{"start":{"line":11,"column":37},"end":{"line":11,"column":null}},"loc":{"start":{"line":14,"column":21},"end":{"line":56,"column":2}}},"1":{"name":"(anonymous_8)","decl":{"start":{"line":14,"column":21},"end":{"line":14,"column":null}},"loc":{"start":{"line":14,"column":21},"end":{"line":56,"column":1}}},"2":{"name":"(anonymous_9)","decl":{"start":{"line":26,"column":20},"end":{"line":26,"column":21}},"loc":{"start":{"line":26,"column":54},"end":{"line":26,"column":78}}},"3":{"name":"(anonymous_10)","decl":{"start":{"line":30,"column":4},"end":{"line":30,"column":5}},"loc":{"start":{"line":30,"column":64},"end":{"line":46,"column":5}}},"4":{"name":"(anonymous_11)","decl":{"start":{"line":32,"column":8},"end":{"line":32,"column":9}},"loc":{"start":{"line":32,"column":59},"end":{"line":41,"column":9}}},"5":{"name":"(anonymous_12)","decl":{"start":{"line":35,"column":14},"end":{"line":35,"column":15}},"loc":{"start":{"line":36,"column":16},"end":{"line":36,"column":72}}},"6":{"name":"(anonymous_13)","decl":{"start":{"line":58,"column":37},"end":{"line":58,"column":null}},"loc":{"start":{"line":62,"column":21},"end":{"line":97,"column":2}}},"7":{"name":"(anonymous_14)","decl":{"start":{"line":62,"column":21},"end":{"line":62,"column":null}},"loc":{"start":{"line":62,"column":21},"end":{"line":97,"column":1}}},"8":{"name":"(anonymous_15)","decl":{"start":{"line":75,"column":4},"end":{"line":75,"column":5}},"loc":{"start":{"line":75,"column":50},"end":{"line":78,"column":3}}},"9":{"name":"(anonymous_16)","decl":{"start":{"line":82,"column":4},"end":{"line":82,"column":5}},"loc":{"start":{"line":82,"column":50},"end":{"line":85,"column":3}}},"10":{"name":"(anonymous_17)","decl":{"start":{"line":88,"column":4},"end":{"line":88,"column":5}},"loc":{"start":{"line":88,"column":23},"end":{"line":88,"column":75}}},"11":{"name":"(anonymous_18)","decl":{"start":{"line":99,"column":35},"end":{"line":99,"column":36}},"loc":{"start":{"line":99,"column":75},"end":{"line":112,"column":1}}},"12":{"name":"(anonymous_19)","decl":{"start":{"line":114,"column":37},"end":{"line":114,"column":null}},"loc":{"start":{"line":118,"column":21},"end":{"line":145,"column":2}}},"13":{"name":"(anonymous_20)","decl":{"start":{"line":118,"column":21},"end":{"line":118,"column":null}},"loc":{"start":{"line":118,"column":21},"end":{"line":145,"column":1}}},"14":{"name":"(anonymous_21)","decl":{"start":{"line":147,"column":48},"end":{"line":147,"column":null}},"loc":{"start":{"line":150,"column":21},"end":{"line":161,"column":2}}},"15":{"name":"(anonymous_22)","decl":{"start":{"line":150,"column":21},"end":{"line":150,"column":null}},"loc":{"start":{"line":150,"column":21},"end":{"line":161,"column":1}}},"16":{"name":"(anonymous_23)","decl":{"start":{"line":153,"column":14},"end":{"line":153,"column":15}},"loc":{"start":{"line":153,"column":29},"end":{"line":155,"column":5}}},"17":{"name":"(anonymous_24)","decl":{"start":{"line":157,"column":30},"end":{"line":157,"column":31}},"loc":{"start":{"line":157,"column":53},"end":{"line":159,"column":3}}}},"branchMap":{"0":{"loc":{"start":{"line":17,"column":2},"end":{"line":21,"column":null}},"type":"if","locations":[{"start":{"line":17,"column":2},"end":{"line":21,"column":null}},{"start":{"line":19,"column":9},"end":{"line":21,"column":null}}]},"1":{"loc":{"start":{"line":19,"column":9},"end":{"line":21,"column":null}},"type":"if","locations":[{"start":{"line":19,"column":9},"end":{"line":21,"column":null}}]},"2":{"loc":{"start":{"line":19,"column":13},"end":{"line":19,"column":70}},"type":"binary-expr","locations":[{"start":{"line":19,"column":13},"end":{"line":19,"column":39}},{"start":{"line":19,"column":43},"end":{"line":19,"column":70}}]},"3":{"loc":{"start":{"line":33,"column":10},"end":{"line":39,"column":null}},"type":"if","locations":[{"start":{"line":33,"column":10},"end":{"line":39,"column":null}}]},"4":{"loc":{"start":{"line":50,"column":2},"end":{"line":55,"column":null}},"type":"if","locations":[{"start":{"line":50,"column":2},"end":{"line":55,"column":null}},{"start":{"line":53,"column":9},"end":{"line":55,"column":null}}]},"5":{"loc":{"start":{"line":91,"column":2},"end":{"line":96,"column":null}},"type":"if","locations":[{"start":{"line":91,"column":2},"end":{"line":96,"column":null}},{"start":{"line":94,"column":9},"end":{"line":96,"column":null}}]},"6":{"loc":{"start":{"line":101,"column":2},"end":{"line":111,"column":null}},"type":"if","locations":[{"start":{"line":101,"column":2},"end":{"line":111,"column":null}},{"start":{"line":104,"column":9},"end":{"line":111,"column":null}}]},"7":{"loc":{"start":{"line":104,"column":9},"end":{"line":111,"column":null}},"type":"if","locations":[{"start":{"line":104,"column":9},"end":{"line":111,"column":null}},{"start":{"line":106,"column":9},"end":{"line":111,"column":null}}]},"8":{"loc":{"start":{"line":104,"column":13},"end":{"line":104,"column":75}},"type":"binary-expr","locations":[{"start":{"line":104,"column":13},"end":{"line":104,"column":40}},{"start":{"line":104,"column":44},"end":{"line":104,"column":75}}]},"9":{"loc":{"start":{"line":106,"column":9},"end":{"line":111,"column":null}},"type":"if","locations":[{"start":{"line":106,"column":9},"end":{"line":111,"column":null}},{"start":{"line":108,"column":9},"end":{"line":111,"column":null}}]},"10":{"loc":{"start":{"line":120,"column":2},"end":{"line":122,"column":null}},"type":"if","locations":[{"start":{"line":120,"column":2},"end":{"line":122,"column":null}}]},"11":{"loc":{"start":{"line":132,"column":2},"end":{"line":144,"column":null}},"type":"if","locations":[{"start":{"line":132,"column":2},"end":{"line":144,"column":null}},{"start":{"line":138,"column":9},"end":{"line":144,"column":null}}]},"12":{"loc":{"start":{"line":133,"column":4},"end":{"line":135,"column":36}},"type":"binary-expr","locations":[{"start":{"line":133,"column":4},"end":{"line":133,"column":29}},{"start":{"line":134,"column":4},"end":{"line":134,"column":36}},{"start":{"line":135,"column":4},"end":{"line":135,"column":36}}]}},"s":{"0":2,"1":2,"2":2,"3":123,"4":123,"5":123,"6":123,"7":1,"8":122,"9":1,"10":121,"11":121,"12":70,"13":121,"14":70,"15":212,"16":142,"17":142,"18":142,"19":212,"20":70,"21":70,"22":121,"23":4,"24":4,"25":117,"26":2,"27":2,"28":123,"29":123,"30":123,"31":123,"32":123,"33":123,"34":1,"35":1,"36":123,"37":71,"38":71,"39":123,"40":71,"41":123,"42":1,"43":1,"44":122,"45":2,"46":2,"47":190,"48":190,"49":0,"50":0,"51":190,"52":0,"53":190,"54":69,"55":121,"56":121,"57":2,"58":2,"59":190,"60":190,"61":190,"62":69,"63":121,"64":121,"65":121,"66":0,"67":121,"68":121,"69":2,"70":2,"71":38,"72":38,"73":38,"74":190,"75":38,"76":190,"77":38,"78":2},"f":{"0":123,"1":123,"2":70,"3":70,"4":212,"5":142,"6":123,"7":123,"8":1,"9":71,"10":71,"11":190,"12":190,"13":190,"14":38,"15":38,"16":190,"17":190},"b":{"0":[1,122],"1":[1],"2":[122,94],"3":[142],"4":[4,117],"5":[1,122],"6":[0,190],"7":[0,190],"8":[190,0],"9":[69,121],"10":[69],"11":[0,121],"12":[121,0,0]}}
,"/Users/programmer/gits/Lodya/src/types/index.ts": {"path":"/Users/programmer/gits/Lodya/src/types/index.ts","statementMap":{"0":{"start":{"line":14,"column":0},"end":{"line":14,"column":null}},"1":{"start":{"line":15,"column":2},"end":{"line":15,"column":null}},"2":{"start":{"line":16,"column":2},"end":{"line":16,"column":null}},"3":{"start":{"line":17,"column":2},"end":{"line":17,"column":null}},"4":{"start":{"line":18,"column":2},"end":{"line":18,"column":null}},"5":{"start":{"line":19,"column":2},"end":{"line":19,"column":null}}},"fnMap":{"0":{"name":"(anonymous_0)","decl":{"start":{"line":14,"column":0},"end":{"line":14,"column":12}},"loc":{"start":{"line":14,"column":20},"end":{"line":20,"column":1}}}},"branchMap":{"0":{"loc":{"start":{"line":14,"column":12},"end":{"line":14,"column":null}},"type":"binary-expr","locations":[{"start":{"line":14,"column":12},"end":{"line":14,"column":20}},{"start":{"line":14,"column":12},"end":{"line":14,"column":null}}]}},"s":{"0":2,"1":2,"2":2,"3":2,"4":2,"5":2},"f":{"0":2},"b":{"0":[2,2]}}
}
