TN:
SF:src/controllers/ping.ts
FN:10,(anonymous_9)
FNF:1
FNH:1
FNDA:1,(anonymous_9)
DA:1,1
DA:8,1
DA:10,1
DA:11,1
LF:4
LH:4
BRF:0
BRH:0
end_of_record
TN:
SF:src/data/index.ts
FN:5,(anonymous_1)
FNF:1
FNH:1
FNDA:372,(anonymous_1)
DA:1,2
DA:3,2
DA:5,374
DA:10,2
DA:36,2
DA:76,2
DA:86,2
DA:96,2
LF:8
LH:8
BRF:0
BRH:0
end_of_record
TN:
SF:src/data/recipes.ts
FNF:0
FNH:0
DA:3,2
LF:1
LH:1
BRF:0
BRH:0
end_of_record
TN:
SF:src/repositories/diet.ts
FN:7,(anonymous_8)
FN:7,(anonymous_9)
FN:16,(anonymous_10)
FN:19,(anonymous_11)
FN:23,(anonymous_12)
FN:32,(anonymous_13)
FN:35,(anonymous_14)
FN:52,(anonymous_15)
FN:62,(anonymous_16)
FN:67,(anonymous_17)
FN:73,(anonymous_18)
FN:94,(anonymous_19)
FN:107,(anonymous_20)
FN:111,(anonymous_21)
FNF:14
FNH:14
FNDA:3,(anonymous_8)
FNDA:3,(anonymous_9)
FNDA:1,(anonymous_10)
FNDA:1,(anonymous_11)
FNDA:2,(anonymous_12)
FNDA:1,(anonymous_13)
FNDA:1,(anonymous_14)
FNDA:20,(anonymous_15)
FNDA:20,(anonymous_16)
FNDA:52,(anonymous_17)
FNDA:20,(anonymous_18)
FNDA:20,(anonymous_19)
FNDA:20,(anonymous_20)
FNDA:20,(anonymous_21)
DA:1,1
DA:2,1
DA:3,1
DA:4,1
DA:5,1
DA:7,3
DA:8,3
DA:9,3
DA:10,2
DA:12,1
DA:16,1
DA:19,1
DA:20,1
DA:23,1
DA:27,2
DA:28,2
DA:29,2
DA:32,1
DA:35,1
DA:36,1
DA:37,1
DA:38,1
DA:39,1
DA:40,1
DA:41,0
DA:43,1
DA:44,1
DA:45,1
DA:46,1
DA:48,0
DA:52,1
DA:55,20
DA:56,20
DA:57,20
DA:58,20
DA:59,20
DA:62,1
DA:65,20
DA:67,20
DA:68,52
DA:69,52
DA:73,1
DA:76,20
DA:77,20
DA:78,20
DA:79,20
DA:80,20
DA:81,20
DA:83,20
DA:85,20
DA:94,1
DA:97,20
DA:99,20
DA:100,100
DA:101,100
DA:102,100
DA:104,20
DA:107,1
DA:111,20
DA:112,20
DA:113,20
DA:116,20
DA:117,1
DA:124,19
DA:128,19
DA:129,0
DA:136,19
DA:138,19
DA:139,19
DA:152,19
DA:157,19
DA:161,19
DA:166,19
DA:167,4
DA:169,15
LF:75
LH:72
BRDA:9,0,0,2
BRDA:9,0,1,1
BRDA:34,1,0,1
BRDA:40,2,0,0
BRDA:116,3,0,1
BRDA:116,4,0,20
BRDA:116,4,1,19
BRDA:128,5,0,0
BRDA:166,6,0,4
BRDA:166,6,1,15
BRF:10
BRH:8
end_of_record
TN:
SF:src/repositories/person.ts
FN:4,(anonymous_7)
FN:4,(anonymous_8)
FN:8,(anonymous_9)
FN:8,(anonymous_10)
FNF:4
FNH:2
FNDA:0,(anonymous_7)
FNDA:0,(anonymous_8)
FNDA:1,(anonymous_9)
FNDA:1,(anonymous_10)
DA:2,1
DA:4,1
DA:5,0
DA:8,1
DA:9,1
LF:5
LH:4
BRF:0
BRH:0
end_of_record
TN:
SF:src/repositories/recipe.ts
FN:4,(anonymous_7)
FN:4,(anonymous_8)
FN:8,(anonymous_9)
FN:10,(anonymous_10)
FN:11,(anonymous_11)
FN:15,(anonymous_12)
FN:15,(anonymous_13)
FN:17,(anonymous_14)
FN:23,(anonymous_15)
FN:23,(anonymous_16)
FNF:10
FNH:10
FNDA:5,(anonymous_7)
FNDA:5,(anonymous_8)
FNDA:367,(anonymous_9)
FNDA:367,(anonymous_10)
FNDA:36700,(anonymous_11)
FNDA:5,(anonymous_12)
FNDA:5,(anonymous_13)
FNDA:500,(anonymous_14)
FNDA:1,(anonymous_15)
FNDA:1,(anonymous_16)
DA:2,2
DA:4,5
DA:5,5
DA:8,2
DA:10,367
DA:11,36700
DA:12,367
DA:15,5
DA:16,5
DA:17,5
DA:18,500
DA:20,5
DA:23,2
DA:24,1
DA:31,1
LF:15
LH:15
BRF:0
BRH:0
end_of_record
TN:
SF:src/repositories/restrictions.ts
FN:11,(anonymous_7)
FN:14,(anonymous_8)
FN:26,(anonymous_9)
FN:30,(anonymous_10)
FN:32,(anonymous_11)
FN:35,(anonymous_12)
FN:58,(anonymous_13)
FN:62,(anonymous_14)
FN:75,(anonymous_15)
FN:82,(anonymous_16)
FN:88,(anonymous_17)
FN:99,(anonymous_18)
FN:114,(anonymous_19)
FN:118,(anonymous_20)
FN:147,(anonymous_21)
FN:150,(anonymous_22)
FN:153,(anonymous_23)
FN:157,(anonymous_24)
FNF:18
FNH:18
FNDA:123,(anonymous_7)
FNDA:123,(anonymous_8)
FNDA:70,(anonymous_9)
FNDA:70,(anonymous_10)
FNDA:212,(anonymous_11)
FNDA:142,(anonymous_12)
FNDA:123,(anonymous_13)
FNDA:123,(anonymous_14)
FNDA:1,(anonymous_15)
FNDA:71,(anonymous_16)
FNDA:71,(anonymous_17)
FNDA:190,(anonymous_18)
FNDA:190,(anonymous_19)
FNDA:190,(anonymous_20)
FNDA:38,(anonymous_21)
FNDA:38,(anonymous_22)
FNDA:190,(anonymous_23)
FNDA:190,(anonymous_24)
DA:1,2
DA:9,2
DA:11,2
DA:14,123
DA:15,123
DA:16,123
DA:17,123
DA:18,1
DA:19,122
DA:20,1
DA:22,121
DA:26,121
DA:29,121
DA:31,70
DA:33,212
DA:34,142
DA:36,142
DA:38,142
DA:40,212
DA:44,70
DA:45,70
DA:50,121
DA:51,4
DA:52,4
DA:54,117
DA:58,2
DA:62,123
DA:63,123
DA:64,123
DA:65,123
DA:68,123
DA:73,123
DA:76,1
DA:77,1
DA:80,123
DA:83,71
DA:84,71
DA:87,123
DA:88,71
DA:91,123
DA:92,1
DA:93,1
DA:95,122
DA:99,2
DA:100,190
DA:101,190
DA:102,0
DA:103,0
DA:104,190
DA:105,0
DA:106,190
DA:107,69
DA:109,121
DA:110,121
DA:114,2
DA:118,190
DA:119,190
DA:120,190
DA:121,69
DA:123,121
DA:127,121
DA:132,121
DA:137,0
DA:140,121
DA:143,121
DA:147,2
DA:150,38
DA:151,38
DA:152,38
DA:154,190
DA:157,38
DA:158,190
DA:160,38
LF:73
LH:69
BRDA:17,0,0,1
BRDA:17,0,1,122
BRDA:19,1,0,1
BRDA:19,2,0,122
BRDA:19,2,1,94
BRDA:33,3,0,142
BRDA:50,4,0,4
BRDA:50,4,1,117
BRDA:91,5,0,1
BRDA:91,5,1,122
BRDA:101,6,0,0
BRDA:101,6,1,190
BRDA:104,7,0,0
BRDA:104,7,1,190
BRDA:104,8,0,190
BRDA:104,8,1,0
BRDA:106,9,0,69
BRDA:106,9,1,121
BRDA:120,10,0,69
BRDA:132,11,0,0
BRDA:132,11,1,121
BRDA:133,12,0,121
BRDA:133,12,1,0
BRDA:133,12,2,0
BRF:24
BRH:18
end_of_record
TN:
SF:src/types/index.ts
FN:14,(anonymous_0)
FNF:1
FNH:1
FNDA:2,(anonymous_0)
DA:14,2
DA:15,2
DA:16,2
DA:17,2
DA:18,2
DA:19,2
LF:6
LH:6
BRDA:14,0,0,2
BRDA:14,0,1,2
BRF:2
BRH:2
end_of_record
