TN:
SF:src/controllers/ping.ts
FN:10,(anonymous_9)
FNF:1
FNH:1
FNDA:1,(anonymous_9)
DA:1,1
DA:8,1
DA:10,1
DA:11,1
LF:4
LH:4
BRF:0
BRH:0
end_of_record
TN:
SF:src/data/index.ts
FN:5,(anonymous_1)
FNF:1
FNH:1
FNDA:480,(anonymous_1)
DA:1,2
DA:3,2
DA:5,482
DA:10,2
DA:36,2
DA:76,2
DA:86,2
DA:96,2
LF:8
LH:8
BRF:0
BRH:0
end_of_record
TN:
SF:src/data/recipes.ts
FNF:0
FNH:0
DA:3,2
LF:1
LH:1
BRF:0
BRH:0
end_of_record
TN:
SF:src/repositories/diet.ts
FN:7,(anonymous_8)
FN:7,(anonymous_9)
FN:16,(anonymous_10)
FN:19,(anonymous_11)
FN:23,(anonymous_12)
FN:32,(anonymous_13)
FN:35,(anonymous_14)
FN:52,(anonymous_15)
FN:62,(anonymous_16)
FN:67,(anonymous_17)
FN:73,(anonymous_18)
FN:94,(anonymous_19)
FN:107,(anonymous_20)
FN:111,(anonymous_21)
FNF:14
FNH:14
FNDA:3,(anonymous_8)
FNDA:3,(anonymous_9)
FNDA:1,(anonymous_10)
FNDA:1,(anonymous_11)
FNDA:2,(anonymous_12)
FNDA:1,(anonymous_13)
FNDA:1,(anonymous_14)
FNDA:25,(anonymous_15)
FNDA:25,(anonymous_16)
FNDA:64,(anonymous_17)
FNDA:25,(anonymous_18)
FNDA:25,(anonymous_19)
FNDA:25,(anonymous_20)
FNDA:25,(anonymous_21)
DA:1,1
DA:2,1
DA:3,1
DA:4,1
DA:5,1
DA:7,3
DA:8,3
DA:9,3
DA:10,2
DA:12,1
DA:16,1
DA:19,1
DA:20,1
DA:23,1
DA:27,2
DA:28,2
DA:29,2
DA:32,1
DA:35,1
DA:36,1
DA:37,1
DA:38,1
DA:39,1
DA:40,1
DA:41,0
DA:43,1
DA:44,1
DA:45,1
DA:46,1
DA:48,0
DA:52,1
DA:55,25
DA:56,25
DA:57,25
DA:58,25
DA:59,25
DA:62,1
DA:65,25
DA:67,25
DA:68,64
DA:69,64
DA:73,1
DA:76,25
DA:77,25
DA:78,25
DA:79,25
DA:80,25
DA:81,25
DA:83,25
DA:85,25
DA:94,1
DA:97,25
DA:99,25
DA:100,125
DA:101,125
DA:102,125
DA:104,25
DA:107,1
DA:111,25
DA:112,25
DA:113,25
DA:116,25
DA:117,1
DA:124,24
DA:128,24
DA:129,0
DA:136,24
DA:138,24
DA:139,24
DA:152,24
DA:157,24
DA:161,24
DA:166,24
DA:167,9
DA:169,15
LF:75
LH:72
BRDA:9,0,0,2
BRDA:9,0,1,1
BRDA:34,1,0,1
BRDA:40,2,0,0
BRDA:116,3,0,1
BRDA:116,4,0,25
BRDA:116,4,1,24
BRDA:128,5,0,0
BRDA:166,6,0,9
BRDA:166,6,1,15
BRF:10
BRH:8
end_of_record
TN:
SF:src/repositories/person.ts
FN:4,(anonymous_7)
FN:4,(anonymous_8)
FN:8,(anonymous_9)
FN:8,(anonymous_10)
FNF:4
FNH:2
FNDA:0,(anonymous_7)
FNDA:0,(anonymous_8)
FNDA:1,(anonymous_9)
FNDA:1,(anonymous_10)
DA:2,1
DA:4,1
DA:5,0
DA:8,1
DA:9,1
LF:5
LH:4
BRF:0
BRH:0
end_of_record
TN:
SF:src/repositories/recipe.ts
FN:4,(anonymous_7)
FN:4,(anonymous_8)
FN:8,(anonymous_9)
FN:10,(anonymous_10)
FN:11,(anonymous_11)
FN:15,(anonymous_12)
FN:15,(anonymous_13)
FN:17,(anonymous_14)
FN:23,(anonymous_15)
FN:23,(anonymous_16)
FNF:10
FNH:10
FNDA:5,(anonymous_7)
FNDA:5,(anonymous_8)
FNDA:475,(anonymous_9)
FNDA:475,(anonymous_10)
FNDA:47500,(anonymous_11)
FNDA:5,(anonymous_12)
FNDA:5,(anonymous_13)
FNDA:500,(anonymous_14)
FNDA:1,(anonymous_15)
FNDA:1,(anonymous_16)
DA:2,2
DA:4,5
DA:5,5
DA:8,2
DA:10,475
DA:11,47500
DA:12,475
DA:15,5
DA:16,5
DA:17,5
DA:18,500
DA:20,5
DA:23,2
DA:24,1
DA:31,1
LF:15
LH:15
BRF:0
BRH:0
end_of_record
TN:
SF:src/repositories/restrictions.ts
FN:11,(anonymous_7)
FN:14,(anonymous_8)
FN:26,(anonymous_9)
FN:30,(anonymous_10)
FN:32,(anonymous_11)
FN:35,(anonymous_12)
FN:58,(anonymous_13)
FN:62,(anonymous_14)
FN:75,(anonymous_15)
FN:82,(anonymous_16)
FN:88,(anonymous_17)
FN:99,(anonymous_18)
FN:114,(anonymous_19)
FN:118,(anonymous_20)
FN:147,(anonymous_21)
FN:150,(anonymous_22)
FN:153,(anonymous_23)
FN:157,(anonymous_24)
FNF:18
FNH:18
FNDA:160,(anonymous_7)
FNDA:160,(anonymous_8)
FNDA:99,(anonymous_9)
FNDA:99,(anonymous_10)
FNDA:305,(anonymous_11)
FNDA:206,(anonymous_12)
FNDA:159,(anonymous_13)
FNDA:159,(anonymous_14)
FNDA:1,(anonymous_15)
FNDA:100,(anonymous_16)
FNDA:100,(anonymous_17)
FNDA:242,(anonymous_18)
FNDA:240,(anonymous_19)
FNDA:240,(anonymous_20)
FNDA:48,(anonymous_21)
FNDA:48,(anonymous_22)
FNDA:240,(anonymous_23)
FNDA:240,(anonymous_24)
DA:1,2
DA:9,2
DA:11,2
DA:14,160
DA:15,160
DA:16,160
DA:17,160
DA:18,2
DA:19,158
DA:20,1
DA:22,157
DA:26,157
DA:29,157
DA:31,99
DA:33,305
DA:34,206
DA:36,206
DA:38,206
DA:40,305
DA:44,99
DA:45,99
DA:50,157
DA:51,9
DA:52,9
DA:54,148
DA:58,2
DA:62,159
DA:63,159
DA:64,159
DA:65,159
DA:68,159
DA:73,159
DA:76,1
DA:77,1
DA:80,159
DA:83,100
DA:84,100
DA:87,159
DA:88,100
DA:91,159
DA:92,1
DA:93,1
DA:95,158
DA:99,2
DA:100,242
DA:101,242
DA:102,1
DA:103,1
DA:104,241
DA:105,1
DA:106,240
DA:107,83
DA:109,157
DA:110,157
DA:114,2
DA:118,240
DA:119,240
DA:120,240
DA:121,83
DA:123,157
DA:127,157
DA:132,157
DA:137,0
DA:140,157
DA:143,157
DA:147,2
DA:150,48
DA:151,48
DA:152,48
DA:154,240
DA:157,48
DA:158,240
DA:160,48
LF:73
LH:72
BRDA:17,0,0,2
BRDA:17,0,1,158
BRDA:19,1,0,1
BRDA:19,2,0,158
BRDA:19,2,1,120
BRDA:33,3,0,206
BRDA:50,4,0,9
BRDA:50,4,1,148
BRDA:91,5,0,1
BRDA:91,5,1,158
BRDA:101,6,0,1
BRDA:101,6,1,241
BRDA:104,7,0,1
BRDA:104,7,1,240
BRDA:104,8,0,241
BRDA:104,8,1,1
BRDA:106,9,0,83
BRDA:106,9,1,157
BRDA:120,10,0,83
BRDA:132,11,0,0
BRDA:132,11,1,157
BRDA:133,12,0,157
BRDA:133,12,1,0
BRDA:133,12,2,0
BRF:24
BRH:21
end_of_record
TN:
SF:src/types/index.ts
FN:14,(anonymous_0)
FNF:1
FNH:1
FNDA:2,(anonymous_0)
DA:14,2
DA:15,2
DA:16,2
DA:17,2
DA:18,2
DA:19,2
LF:6
LH:6
BRDA:14,0,0,2
BRDA:14,0,1,2
BRF:2
BRH:2
end_of_record
